[INFO ][20191213 14:00:21,052][FrameworkServlet:489] FrameworkServlet 'spring-mvc': initialization started
[INFO ][20191213 14:00:21,138][AbstractApplicationContext:582] Refreshing WebApplicationContext for namespace 'spring-mvc-servlet': startup date [Fri Dec 13 14:00:21 CST 2019]; root of context hierarchy
[INFO ][20191213 14:00:21,248][XmlBeanDefinitionReader:317] Loading XML bean definitions from class path resource [spring/spring-mvc.xml]
[INFO ][20191213 14:00:22,010][XmlBeanDefinitionReader:317] Loading XML bean definitions from class path resource [spring/spring-mybatis.xml]
[INFO ][20191213 14:00:23,333][AutowiredAnnotationBeanPostProcessor:155] JSR-330 'javax.inject.Inject' annotation found and supported for autowiring
[INFO ][20191213 14:00:25,827][DruidDataSource:721] {dataSource-1} inited
[INFO ][20191213 14:00:29,749][AbstractHandlerMethodMapping$MappingRegistry:543] Mapped "{[/device/device/update]}" onto public java.lang.Object com.ossjk.ossjkssm.device.controller.DeviceController.update(com.ossjk.ossjkssm.device.entity.Device)
[INFO ][20191213 14:00:29,763][AbstractHandlerMethodMapping$MappingRegistry:543] Mapped "{[/device/device/delete]}" onto public java.lang.Object com.ossjk.ossjkssm.device.controller.DeviceController.delete(java.lang.Integer)
[INFO ][20191213 14:00:29,771][AbstractHandlerMethodMapping$MappingRegistry:543] Mapped "{[/device/device/list]}" onto public java.lang.String com.ossjk.ossjkssm.device.controller.DeviceController.list(com.ossjk.core.vo.Page,org.springframework.ui.ModelMap)
[INFO ][20191213 14:00:29,777][AbstractHandlerMethodMapping$MappingRegistry:543] Mapped "{[/device/device/insert]}" onto public java.lang.Object com.ossjk.ossjkssm.device.controller.DeviceController.insert(com.ossjk.ossjkssm.device.entity.Device)
[INFO ][20191213 14:00:29,784][AbstractHandlerMethodMapping$MappingRegistry:543] Mapped "{[/device/device/test]}" onto public com.ossjk.ossjkssm.device.entity.Device com.ossjk.ossjkssm.device.controller.DeviceController.test()
[INFO ][20191213 14:00:29,788][AbstractHandlerMethodMapping$MappingRegistry:543] Mapped "{[/device/device/toUpdate]}" onto public java.lang.String com.ossjk.ossjkssm.device.controller.DeviceController.toUpdate(java.lang.Integer,org.springframework.ui.ModelMap)
[INFO ][20191213 14:00:29,797][AbstractHandlerMethodMapping$MappingRegistry:543] Mapped "{[/device/device/batchDelete]}" onto public java.lang.Object com.ossjk.ossjkssm.device.controller.DeviceController.batchDelete(java.lang.Integer[])
[INFO ][20191213 14:00:29,804][AbstractHandlerMethodMapping$MappingRegistry:543] Mapped "{[/device/device/toInsert]}" onto public java.lang.String com.ossjk.ossjkssm.device.controller.DeviceController.toInsert(org.springframework.ui.ModelMap)
[INFO ][20191213 14:00:29,838][AbstractHandlerMethodMapping$MappingRegistry:543] Mapped "{[/device/devicereceive/update]}" onto public java.lang.Object com.ossjk.ossjkssm.device.controller.DevicereceiveController.update(com.ossjk.ossjkssm.device.entity.Devicereceive)
[INFO ][20191213 14:00:29,864][AbstractHandlerMethodMapping$MappingRegistry:543] Mapped "{[/device/devicereceive/delete]}" onto public java.lang.Object com.ossjk.ossjkssm.device.controller.DevicereceiveController.delete(java.lang.Integer)
[INFO ][20191213 14:00:29,876][AbstractHandlerMethodMapping$MappingRegistry:543] Mapped "{[/device/devicereceive/list]}" onto public java.lang.String com.ossjk.ossjkssm.device.controller.DevicereceiveController.list(com.ossjk.core.vo.Page,org.springframework.ui.ModelMap)
[INFO ][20191213 14:00:29,906][AbstractHandlerMethodMapping$MappingRegistry:543] Mapped "{[/device/devicereceive/insert]}" onto public java.lang.Object com.ossjk.ossjkssm.device.controller.DevicereceiveController.insert(com.ossjk.ossjkssm.device.entity.Devicereceive)
[INFO ][20191213 14:00:29,919][AbstractHandlerMethodMapping$MappingRegistry:543] Mapped "{[/device/devicereceive/test]}" onto public void com.ossjk.ossjkssm.device.controller.DevicereceiveController.test()
[INFO ][20191213 14:00:29,922][AbstractHandlerMethodMapping$MappingRegistry:543] Mapped "{[/device/devicereceive/toUpdate]}" onto public java.lang.String com.ossjk.ossjkssm.device.controller.DevicereceiveController.toUpdate(java.lang.Integer,org.springframework.ui.ModelMap)
[INFO ][20191213 14:00:29,933][AbstractHandlerMethodMapping$MappingRegistry:543] Mapped "{[/device/devicereceive/toback]}" onto public java.lang.String com.ossjk.ossjkssm.device.controller.DevicereceiveController.toback(java.lang.Integer,org.springframework.ui.ModelMap)
[INFO ][20191213 14:00:29,943][AbstractHandlerMethodMapping$MappingRegistry:543] Mapped "{[/device/devicereceive/batchDelete]}" onto public java.lang.Object com.ossjk.ossjkssm.device.controller.DevicereceiveController.batchDelete(java.lang.Integer[])
[INFO ][20191213 14:00:29,949][AbstractHandlerMethodMapping$MappingRegistry:543] Mapped "{[/device/devicereceive/toInsert]}" onto public java.lang.String com.ossjk.ossjkssm.device.controller.DevicereceiveController.toInsert(org.springframework.ui.ModelMap)
[INFO ][20191213 14:00:29,969][AbstractHandlerMethodMapping$MappingRegistry:543] Mapped "{[/device/devicerepair/update]}" onto public java.lang.Object com.ossjk.ossjkssm.device.controller.DevicerepairController.update(com.ossjk.ossjkssm.device.entity.Devicerepair)
[INFO ][20191213 14:00:29,976][AbstractHandlerMethodMapping$MappingRegistry:543] Mapped "{[/device/devicerepair/delete]}" onto public java.lang.Object com.ossjk.ossjkssm.device.controller.DevicerepairController.delete(java.lang.Integer)
[INFO ][20191213 14:00:29,982][AbstractHandlerMethodMapping$MappingRegistry:543] Mapped "{[/device/devicerepair/list]}" onto public java.lang.String com.ossjk.ossjkssm.device.controller.DevicerepairController.list(com.ossjk.core.vo.Page,org.springframework.ui.ModelMap)
[INFO ][20191213 14:00:29,989][AbstractHandlerMethodMapping$MappingRegistry:543] Mapped "{[/device/devicerepair/insert]}" onto public java.lang.Object com.ossjk.ossjkssm.device.controller.DevicerepairController.insert(com.ossjk.ossjkssm.device.entity.Devicerepair)
[INFO ][20191213 14:00:29,996][AbstractHandlerMethodMapping$MappingRegistry:543] Mapped "{[/device/devicerepair/test]}" onto public com.ossjk.ossjkssm.device.entity.Devicerepair com.ossjk.ossjkssm.device.controller.DevicerepairController.test()
[INFO ][20191213 14:00:29,999][AbstractHandlerMethodMapping$MappingRegistry:543] Mapped "{[/device/devicerepair/toUpdate]}" onto public java.lang.String com.ossjk.ossjkssm.device.controller.DevicerepairController.toUpdate(java.lang.Integer,org.springframework.ui.ModelMap)
[INFO ][20191213 14:00:30,001][AbstractHandlerMethodMapping$MappingRegistry:543] Mapped "{[/device/devicerepair/toback]}" onto public java.lang.String com.ossjk.ossjkssm.device.controller.DevicerepairController.toback(org.springframework.ui.ModelMap,java.lang.Integer)
[INFO ][20191213 14:00:30,002][AbstractHandlerMethodMapping$MappingRegistry:543] Mapped "{[/device/devicerepair/batchDelete]}" onto public java.lang.Object com.ossjk.ossjkssm.device.controller.DevicerepairController.batchDelete(java.lang.Integer[])
[INFO ][20191213 14:00:30,005][AbstractHandlerMethodMapping$MappingRegistry:543] Mapped "{[/device/devicerepair/toInsert]}" onto public java.lang.String com.ossjk.ossjkssm.device.controller.DevicerepairController.toInsert(org.springframework.ui.ModelMap)
[INFO ][20191213 14:00:30,014][AbstractHandlerMethodMapping$MappingRegistry:543] Mapped "{[/device/devicesout/update]}" onto public java.lang.Object com.ossjk.ossjkssm.device.controller.DevicesoutController.update(com.ossjk.ossjkssm.device.entity.Devicesout)
[INFO ][20191213 14:00:30,019][AbstractHandlerMethodMapping$MappingRegistry:543] Mapped "{[/device/devicesout/delete]}" onto public java.lang.Object com.ossjk.ossjkssm.device.controller.DevicesoutController.delete(java.lang.Integer)
[INFO ][20191213 14:00:30,020][AbstractHandlerMethodMapping$MappingRegistry:543] Mapped "{[/device/devicesout/list]}" onto public java.lang.String com.ossjk.ossjkssm.device.controller.DevicesoutController.list(com.ossjk.core.vo.Page,org.springframework.ui.ModelMap)
[INFO ][20191213 14:00:30,023][AbstractHandlerMethodMapping$MappingRegistry:543] Mapped "{[/device/devicesout/insert]}" onto public java.lang.Object com.ossjk.ossjkssm.device.controller.DevicesoutController.insert(com.ossjk.ossjkssm.device.entity.Devicesout)
[INFO ][20191213 14:00:30,029][AbstractHandlerMethodMapping$MappingRegistry:543] Mapped "{[/device/devicesout/test]}" onto public java.util.List<com.ossjk.ossjkssm.device.entity.Devicesout> com.ossjk.ossjkssm.device.controller.DevicesoutController.test()
[INFO ][20191213 14:00:30,030][AbstractHandlerMethodMapping$MappingRegistry:543] Mapped "{[/device/devicesout/tosout]}" onto public java.lang.String com.ossjk.ossjkssm.device.controller.DevicesoutController.tosout(java.lang.Integer,org.springframework.ui.ModelMap)
[INFO ][20191213 14:00:30,032][AbstractHandlerMethodMapping$MappingRegistry:543] Mapped "{[/device/devicesout/toUpdate]}" onto public java.lang.String com.ossjk.ossjkssm.device.controller.DevicesoutController.toUpdate(java.lang.Integer,org.springframework.ui.ModelMap)
[INFO ][20191213 14:00:30,034][AbstractHandlerMethodMapping$MappingRegistry:543] Mapped "{[/device/devicesout/batchDelete]}" onto public java.lang.Object com.ossjk.ossjkssm.device.controller.DevicesoutController.batchDelete(java.lang.Integer[])
[INFO ][20191213 14:00:30,035][AbstractHandlerMethodMapping$MappingRegistry:543] Mapped "{[/device/devicesout/toInsert]}" onto public java.lang.String com.ossjk.ossjkssm.device.controller.DevicesoutController.toInsert(org.springframework.ui.ModelMap)
[INFO ][20191213 14:00:30,047][AbstractHandlerMethodMapping$MappingRegistry:543] Mapped "{[/device/devicetype/update]}" onto public java.lang.Object com.ossjk.ossjkssm.device.controller.DeviceTypeController.update(com.ossjk.ossjkssm.device.entity.Device)
[INFO ][20191213 14:00:30,049][AbstractHandlerMethodMapping$MappingRegistry:543] Mapped "{[/device/devicetype/delete]}" onto public java.lang.Object com.ossjk.ossjkssm.device.controller.DeviceTypeController.delete(java.lang.Integer)
[INFO ][20191213 14:00:30,053][AbstractHandlerMethodMapping$MappingRegistry:543] Mapped "{[/device/devicetype/list]}" onto public java.lang.String com.ossjk.ossjkssm.device.controller.DeviceTypeController.list(com.ossjk.core.vo.Page,org.springframework.ui.ModelMap)
[INFO ][20191213 14:00:30,056][AbstractHandlerMethodMapping$MappingRegistry:543] Mapped "{[/device/devicetype/insert]}" onto public java.lang.Object com.ossjk.ossjkssm.device.controller.DeviceTypeController.insert(com.ossjk.ossjkssm.device.entity.Devicetype)
[INFO ][20191213 14:00:30,064][AbstractHandlerMethodMapping$MappingRegistry:543] Mapped "{[/device/devicetype/test]}" onto public com.ossjk.ossjkssm.device.entity.Device com.ossjk.ossjkssm.device.controller.DeviceTypeController.test()
[INFO ][20191213 14:00:30,066][AbstractHandlerMethodMapping$MappingRegistry:543] Mapped "{[/device/devicetype/toUpdate]}" onto public java.lang.String com.ossjk.ossjkssm.device.controller.DeviceTypeController.toUpdate(java.lang.Integer,org.springframework.ui.ModelMap)
[INFO ][20191213 14:00:30,070][AbstractHandlerMethodMapping$MappingRegistry:543] Mapped "{[/device/devicetype/batchDelete]}" onto public java.lang.Object com.ossjk.ossjkssm.device.controller.DeviceTypeController.batchDelete(java.lang.Integer[])
[INFO ][20191213 14:00:30,072][AbstractHandlerMethodMapping$MappingRegistry:543] Mapped "{[/device/devicetype/toInsert]}" onto public java.lang.String com.ossjk.ossjkssm.device.controller.DeviceTypeController.toInsert(org.springframework.ui.ModelMap)
[INFO ][20191213 14:00:30,080][AbstractHandlerMethodMapping$MappingRegistry:543] Mapped "{[/system/toIndex]}" onto public java.lang.String com.ossjk.ossjkssm.system.controller.IndenContrller.toIndex()
[INFO ][20191213 14:00:30,083][AbstractHandlerMethodMapping$MappingRegistry:543] Mapped "{[/system/logout]}" onto public java.lang.String com.ossjk.ossjkssm.system.controller.IndenContrller.logout(javax.servlet.http.HttpSession)
[INFO ][20191213 14:00:30,086][AbstractHandlerMethodMapping$MappingRegistry:543] Mapped "{[/system/login]}" onto public java.lang.String com.ossjk.ossjkssm.system.controller.IndenContrller.login(java.lang.String,java.lang.String,org.springframework.ui.ModelMap,javax.servlet.http.HttpSession)
[INFO ][20191213 14:00:30,089][AbstractHandlerMethodMapping$MappingRegistry:543] Mapped "{[/system/toDesktop]}" onto public java.lang.String com.ossjk.ossjkssm.system.controller.IndenContrller.toDesktop()
[INFO ][20191213 14:00:30,093][AbstractHandlerMethodMapping$MappingRegistry:543] Mapped "{[/system/toLogin]}" onto public java.lang.String com.ossjk.ossjkssm.system.controller.IndenContrller.toLogin()
[INFO ][20191213 14:00:30,095][AbstractHandlerMethodMapping$MappingRegistry:543] Mapped "{[/system/toError]}" onto public java.lang.String com.ossjk.ossjkssm.system.controller.IndenContrller.toError()
[INFO ][20191213 14:00:30,102][AbstractHandlerMethodMapping$MappingRegistry:543] Mapped "{[/system/organization/update]}" onto public java.lang.Object com.ossjk.ossjkssm.system.controller.OrganizationController.update(com.ossjk.ossjkssm.system.entity.Organization)
[INFO ][20191213 14:00:30,106][AbstractHandlerMethodMapping$MappingRegistry:543] Mapped "{[/system/organization/delete]}" onto public java.lang.Object com.ossjk.ossjkssm.system.controller.OrganizationController.delete(java.lang.Integer)
[INFO ][20191213 14:00:30,111][AbstractHandlerMethodMapping$MappingRegistry:543] Mapped "{[/system/organization/insert]}" onto public java.lang.Object com.ossjk.ossjkssm.system.controller.OrganizationController.insert(com.ossjk.ossjkssm.system.entity.Organization)
[INFO ][20191213 14:00:30,114][AbstractHandlerMethodMapping$MappingRegistry:543] Mapped "{[/system/organization/list]}" onto public java.lang.String com.ossjk.ossjkssm.system.controller.OrganizationController.selectAll(com.ossjk.core.vo.Page,org.springframework.ui.ModelMap)
[INFO ][20191213 14:00:30,119][AbstractHandlerMethodMapping$MappingRegistry:543] Mapped "{[/system/organization/toUpdate]}" onto public java.lang.String com.ossjk.ossjkssm.system.controller.OrganizationController.toUpdate(java.lang.Integer,org.springframework.ui.ModelMap)
[INFO ][20191213 14:00:30,122][AbstractHandlerMethodMapping$MappingRegistry:543] Mapped "{[/system/organization/batchDelete]}" onto public java.lang.Object com.ossjk.ossjkssm.system.controller.OrganizationController.batchDelete(java.lang.Integer[])
[INFO ][20191213 14:00:30,127][AbstractHandlerMethodMapping$MappingRegistry:543] Mapped "{[/system/organization/toInsert]}" onto public java.lang.String com.ossjk.ossjkssm.system.controller.OrganizationController.toInsert()
[INFO ][20191213 14:00:30,146][AbstractHandlerMethodMapping$MappingRegistry:543] Mapped "{[/system/role/update]}" onto public java.lang.Object com.ossjk.ossjkssm.system.controller.RoleController.update(com.ossjk.ossjkssm.system.entity.Role)
[INFO ][20191213 14:00:30,150][AbstractHandlerMethodMapping$MappingRegistry:543] Mapped "{[/system/role/delete]}" onto public java.lang.Object com.ossjk.ossjkssm.system.controller.RoleController.delete(java.lang.Integer)
[INFO ][20191213 14:00:30,155][AbstractHandlerMethodMapping$MappingRegistry:543] Mapped "{[/system/role/Check]}" onto public com.ossjk.ossjkssm.system.entity.Role com.ossjk.ossjkssm.system.controller.RoleController.check()
[INFO ][20191213 14:00:30,156][AbstractHandlerMethodMapping$MappingRegistry:543] Mapped "{[/system/role/insert]}" onto public java.lang.Object com.ossjk.ossjkssm.system.controller.RoleController.insert(com.ossjk.ossjkssm.system.entity.Role)
[INFO ][20191213 14:00:30,164][AbstractHandlerMethodMapping$MappingRegistry:543] Mapped "{[/system/role/list]}" onto public java.lang.String com.ossjk.ossjkssm.system.controller.RoleController.selectAll(com.ossjk.core.vo.Page,org.springframework.ui.ModelMap)
[INFO ][20191213 14:00:30,167][AbstractHandlerMethodMapping$MappingRegistry:543] Mapped "{[/system/role/toUpdate]}" onto public java.lang.String com.ossjk.ossjkssm.system.controller.RoleController.toUpdate(java.lang.Integer,org.springframework.ui.ModelMap)
[INFO ][20191213 14:00:30,169][AbstractHandlerMethodMapping$MappingRegistry:543] Mapped "{[/system/role/batchDelete]}" onto public java.lang.Object com.ossjk.ossjkssm.system.controller.RoleController.batchDelete(java.lang.Integer[])
[INFO ][20191213 14:00:30,177][AbstractHandlerMethodMapping$MappingRegistry:543] Mapped "{[/system/role/toInsert]}" onto public java.lang.String com.ossjk.ossjkssm.system.controller.RoleController.toInsert()
[INFO ][20191213 14:00:30,185][AbstractHandlerMethodMapping$MappingRegistry:543] Mapped "{[/system/user/update]}" onto public java.lang.Object com.ossjk.ossjkssm.system.controller.UserController.update(com.ossjk.ossjkssm.system.entity.User)
[INFO ][20191213 14:00:30,194][AbstractHandlerMethodMapping$MappingRegistry:543] Mapped "{[/system/user/delete]}" onto public java.lang.Object com.ossjk.ossjkssm.system.controller.UserController.delete(java.lang.Integer)
[INFO ][20191213 14:00:30,197][AbstractHandlerMethodMapping$MappingRegistry:543] Mapped "{[/system/user/list]}" onto public java.lang.String com.ossjk.ossjkssm.system.controller.UserController.list(com.ossjk.core.vo.Page,org.springframework.ui.ModelMap)
[INFO ][20191213 14:00:30,204][AbstractHandlerMethodMapping$MappingRegistry:543] Mapped "{[/system/user/insert]}" onto public java.lang.Object com.ossjk.ossjkssm.system.controller.UserController.insert(com.ossjk.ossjkssm.system.entity.User)
[INFO ][20191213 14:00:30,212][AbstractHandlerMethodMapping$MappingRegistry:543] Mapped "{[/system/user/toUpdate]}" onto public java.lang.String com.ossjk.ossjkssm.system.controller.UserController.toUpdate(java.lang.Integer,org.springframework.ui.ModelMap)
[INFO ][20191213 14:00:30,215][AbstractHandlerMethodMapping$MappingRegistry:543] Mapped "{[/system/user/batchDelete]}" onto public java.lang.Object com.ossjk.ossjkssm.system.controller.UserController.batchDelete(java.lang.Integer[])
[INFO ][20191213 14:00:30,219][AbstractHandlerMethodMapping$MappingRegistry:543] Mapped "{[/system/user/toInsert]}" onto public java.lang.String com.ossjk.ossjkssm.system.controller.UserController.toInsert(org.springframework.ui.ModelMap)
[INFO ][20191213 14:00:31,373][RequestMappingHandlerAdapter:534] Looking for @ControllerAdvice: WebApplicationContext for namespace 'spring-mvc-servlet': startup date [Fri Dec 13 14:00:21 CST 2019]; root of context hierarchy
[INFO ][20191213 14:00:31,558][RequestMappingHandlerAdapter:534] Looking for @ControllerAdvice: WebApplicationContext for namespace 'spring-mvc-servlet': startup date [Fri Dec 13 14:00:21 CST 2019]; root of context hierarchy
[INFO ][20191213 14:00:31,942][FrameworkServlet:508] FrameworkServlet 'spring-mvc': initialization completed in 10886 ms
